\BOOKMARK [0][-]{section*.2}{Geometric Requirements for Nonequilibrium Discrimination}{}% 2
\BOOKMARK [1][-]{section*.1}{Abstract}{section*.2}% 1
\BOOKMARK [1][-]{section*.3}{Introduction}{section*.2}% 3
\BOOKMARK [1][-]{section*.4}{Definition of Orthogonality}{section*.2}% 4
\BOOKMARK [1][-]{section*.6}{Orthogonality in the Hopfield-Ninio Scheme}{section*.2}% 5
\BOOKMARK [1][-]{section*.9}{Orthogonality in a general setting}{section*.2}% 6
\BOOKMARK [1][-]{section*.12}{Discussion}{section*.2}% 7
\BOOKMARK [1][-]{section*.13}{Acknowledgements}{section*.2}% 8
\BOOKMARK [1][-]{section*.14}{References}{section*.2}% 9
\BOOKMARK [1][-]{section*.15}{An expression for the discrimination ratio}{section*.2}% 10
\BOOKMARK [1][-]{section*.16}{An expression for the error of a projection approximation}{section*.2}% 11
\BOOKMARK [1][-]{section*.17}{Orthogonality of the line versus all-to-all graph}{section*.2}% 12
\BOOKMARK [1][-]{section*.18}{Orthogonality in the 4-Node toy model}{section*.2}% 13
\BOOKMARK [1][-]{section*.21}{Error and Orthogonality in Ninio-Hopfield Model}{section*.2}% 14
\BOOKMARK [1][-]{section*.34}{Expressions for Error Rate in the Ladder Graph}{section*.2}% 15
\BOOKMARK [1][-]{section*.35}{Orthogonality and Error in the Ladder Graph}{section*.2}% 16
\BOOKMARK [2][-]{section*.36}{Energetic regime}{section*.35}% 17
\BOOKMARK [3][-]{section*.37}{ does not affect orthogonality in the fd limit}{section*.36}% 18
\BOOKMARK [2][-]{section*.38}{Kinetic regime}{section*.35}% 19
\BOOKMARK [1][-]{section*.39}{Supplemental Information}{section*.2}% 20
\BOOKMARK [2][-]{section*.42}{Tables of parameter values}{section*.39}% 21
